<?xml version="1.0" encoding="UTF-8"?>
<!-- Generated by org.testng.reporters.JUnitReportReporter -->
<testsuite hostname="LAPTOP-OPKOQCQR" failures="0" tests="1" name="com.Restclient.PostAPITest" time="2.255" errors="0" timestamp="2022-04-19T09:53:03 IST" skipped="0">
  <testcase classname="com.Restclient.PostAPITest" name="PostAPITest" time="2.255"/>
  <system-out/>
</testsuite> <!-- com.Restclient.PostAPITest -->
