<?xml version="1.0" encoding="UTF-8"?>
<!-- Generated by org.testng.reporters.JUnitReportReporter -->
<testsuite hostname="LAPTOP-OPKOQCQR" failures="0" tests="2" name="com.Restclient.GetTestAPI" time="0.642" errors="0" timestamp="2022-04-18T11:27:49 IST" skipped="0">
  <testcase classname="com.Restclient.GetTestAPI" name="withoutHeader" time="0.496"/>
  <system-out/>
  <testcase classname="com.Restclient.GetTestAPI" name="withHeader" time="0.146"/>
  <system-out/>
</testsuite> <!-- com.Restclient.GetTestAPI -->
