<?xml version="1.0" encoding="UTF-8"?>
<!-- Generated by org.testng.reporters.JUnitReportReporter -->
<testsuite hostname="LAPTOP-OPKOQCQR" failures="0" tests="2" name="getRequest.getClass" time="4.063" errors="0" timestamp="2022-04-20T09:49:56 IST" skipped="0">
  <testcase classname="getRequest.getClass" name="patch" time="3.193"/>
  <system-out/>
  <testcase classname="getRequest.getClass" name="put" time="0.870"/>
  <system-out/>
</testsuite> <!-- getRequest.getClass -->
